<?xml version="1.0" encoding="UTF-8"?>
<testng-results skipped="0" failed="1" ignored="0" total="4" passed="3">
  <reporter-output>
  </reporter-output>
  <suite name="TestNG" duration-ms="0" started-at="2022-02-11T20:35:04 CET" finished-at="2022-02-11T20:35:04 CET">
    <groups>
    </groups>
  </suite> <!-- TestNG -->
  <suite name="Regression" duration-ms="111521" started-at="2022-02-11T20:33:12 CET" finished-at="2022-02-11T20:35:04 CET">
    <groups>
    </groups>
    <test name="Tests" duration-ms="111521" started-at="2022-02-11T20:33:12 CET" finished-at="2022-02-11T20:35:04 CET">
      <class name="tests.LoginTest">
        <test-method status="PASS" signature="setup()[pri:0, instance:tests.LoginTest@dc24521]" name="setup" is-config="true" duration-ms="7578" started-at="2022-02-11T20:33:30 CET" finished-at="2022-02-11T20:33:37 CET">
          <reporter-output>
          </reporter-output>
        </test-method> <!-- setup -->
        <test-method status="FAIL" signature="login()[pri:0, instance:tests.LoginTest@dc24521]" name="login" duration-ms="17097" started-at="2022-02-11T20:33:37 CET" finished-at="2022-02-11T20:33:54 CET">
          <exception class="java.lang.AssertionError">
            <message>
              <![CDATA[expected [Sign ljubicica] but found [Sign out]]]>
            </message>
            <full-stacktrace>
              <![CDATA[java.lang.AssertionError: expected [Sign ljubicica] but found [Sign out]
at org.testng.Assert.fail(Assert.java:99)
at org.testng.Assert.failNotEquals(Assert.java:1037)
at org.testng.Assert.assertEqualsImpl(Assert.java:140)
at org.testng.Assert.assertEquals(Assert.java:122)
at org.testng.Assert.assertEquals(Assert.java:629)
at org.testng.Assert.assertEquals(Assert.java:639)
at pages.BasePage.assertStringEquals(BasePage.java:46)
at pages.VerificationPage.verifyLogin(VerificationPage.java:21)
at tests.LoginTest.login(LoginTest.java:23)
at sun.reflect.NativeMethodAccessorImpl.invoke0(Native Method)
at sun.reflect.NativeMethodAccessorImpl.invoke(NativeMethodAccessorImpl.java:62)
at sun.reflect.DelegatingMethodAccessorImpl.invoke(DelegatingMethodAccessorImpl.java:43)
at java.lang.reflect.Method.invoke(Method.java:498)
at org.testng.internal.MethodInvocationHelper.invokeMethod(MethodInvocationHelper.java:133)
at org.testng.internal.TestInvoker.invokeMethod(TestInvoker.java:598)
at org.testng.internal.TestInvoker.invokeTestMethod(TestInvoker.java:173)
at org.testng.internal.MethodRunner.runInSequence(MethodRunner.java:46)
at org.testng.internal.TestInvoker$MethodInvocationAgent.invoke(TestInvoker.java:824)
at org.testng.internal.TestInvoker.invokeTestMethods(TestInvoker.java:146)
at org.testng.internal.TestMethodWorker.invokeTestMethods(TestMethodWorker.java:146)
at org.testng.internal.TestMethodWorker.run(TestMethodWorker.java:128)
at java.util.ArrayList.forEach(ArrayList.java:1257)
at org.testng.TestRunner.privateRun(TestRunner.java:794)
at org.testng.TestRunner.run(TestRunner.java:596)
at org.testng.SuiteRunner.runTest(SuiteRunner.java:377)
at org.testng.SuiteRunner.runSequentially(SuiteRunner.java:371)
at org.testng.SuiteRunner.privateRun(SuiteRunner.java:332)
at org.testng.SuiteRunner.run(SuiteRunner.java:276)
at org.testng.SuiteRunnerWorker.runSuite(SuiteRunnerWorker.java:53)
at org.testng.SuiteRunnerWorker.run(SuiteRunnerWorker.java:96)
at org.testng.TestNG.runSuitesSequentially(TestNG.java:1212)
at org.testng.TestNG.runSuitesSequentially(TestNG.java:1207)
at org.testng.TestNG.runSuitesLocally(TestNG.java:1134)
at org.testng.TestNG.runSuites(TestNG.java:1063)
at org.testng.TestNG.run(TestNG.java:1031)
at com.intellij.rt.testng.IDEARemoteTestNG.run(IDEARemoteTestNG.java:66)
at com.intellij.rt.testng.RemoteTestNGStarter.main(RemoteTestNGStarter.java:109)
]]>
            </full-stacktrace>
          </exception> <!-- java.lang.AssertionError -->
          <reporter-output>
          </reporter-output>
        </test-method> <!-- login -->
        <test-method status="PASS" signature="teardown()[pri:0, instance:tests.LoginTest@dc24521]" name="teardown" is-config="true" duration-ms="822" started-at="2022-02-11T20:33:55 CET" finished-at="2022-02-11T20:33:55 CET">
          <reporter-output>
          </reporter-output>
        </test-method> <!-- teardown -->
      </class> <!-- tests.LoginTest -->
      <class name="tests.RegistrationTest">
        <test-method status="PASS" signature="setup()[pri:0, instance:tests.RegistrationTest@10bdf5e5]" name="setup" is-config="true" duration-ms="10854" started-at="2022-02-11T20:33:56 CET" finished-at="2022-02-11T20:34:06 CET">
          <reporter-output>
          </reporter-output>
        </test-method> <!-- setup -->
        <test-method status="PASS" signature="registration()[pri:0, instance:tests.RegistrationTest@10bdf5e5]" name="registration" duration-ms="18241" started-at="2022-02-11T20:34:06 CET" finished-at="2022-02-11T20:34:25 CET">
          <reporter-output>
          </reporter-output>
        </test-method> <!-- registration -->
        <test-method status="PASS" signature="teardown()[pri:0, instance:tests.RegistrationTest@10bdf5e5]" name="teardown" is-config="true" duration-ms="814" started-at="2022-02-11T20:34:25 CET" finished-at="2022-02-11T20:34:26 CET">
          <reporter-output>
          </reporter-output>
        </test-method> <!-- teardown -->
      </class> <!-- tests.RegistrationTest -->
      <class name="tests_with_login.LogoutTest">
        <test-method status="PASS" signature="setup()[pri:0, instance:tests_with_login.LogoutTest@6e1ec318]" name="setup" is-config="true" duration-ms="22248" started-at="2022-02-11T20:34:26 CET" finished-at="2022-02-11T20:34:48 CET">
          <reporter-output>
          </reporter-output>
        </test-method> <!-- setup -->
        <test-method status="PASS" signature="logout()[pri:0, instance:tests_with_login.LogoutTest@6e1ec318]" name="logout" duration-ms="15315" started-at="2022-02-11T20:34:48 CET" finished-at="2022-02-11T20:35:03 CET">
          <reporter-output>
          </reporter-output>
        </test-method> <!-- logout -->
        <test-method status="PASS" signature="teardown()[pri:0, instance:tests_with_login.LogoutTest@6e1ec318]" name="teardown" is-config="true" duration-ms="771" started-at="2022-02-11T20:35:03 CET" finished-at="2022-02-11T20:35:04 CET">
          <reporter-output>
          </reporter-output>
        </test-method> <!-- teardown -->
      </class> <!-- tests_with_login.LogoutTest -->
      <class name="tests.FailedLoginTest">
        <test-method status="PASS" signature="setup()[pri:0, instance:tests.FailedLoginTest@271053e1]" name="setup" is-config="true" duration-ms="7015" started-at="2022-02-11T20:33:12 CET" finished-at="2022-02-11T20:33:19 CET">
          <reporter-output>
          </reporter-output>
        </test-method> <!-- setup -->
        <test-method status="PASS" signature="failedLogin()[pri:0, instance:tests.FailedLoginTest@271053e1]" name="failedLogin" duration-ms="9583" started-at="2022-02-11T20:33:19 CET" finished-at="2022-02-11T20:33:29 CET">
          <reporter-output>
          </reporter-output>
        </test-method> <!-- failedLogin -->
        <test-method status="PASS" signature="teardown()[pri:0, instance:tests.FailedLoginTest@271053e1]" name="teardown" is-config="true" duration-ms="810" started-at="2022-02-11T20:33:29 CET" finished-at="2022-02-11T20:33:30 CET">
          <reporter-output>
          </reporter-output>
        </test-method> <!-- teardown -->
      </class> <!-- tests.FailedLoginTest -->
    </test> <!-- Tests -->
  </suite> <!-- Regression -->
</testng-results>
